+ http_conf=/opt/appsmith/templates/nginx-app-http.conf.template.sh
+ https_conf=/opt/appsmith/templates/nginx-app-https.conf.template.sh
+ ssl_conf_path=/appsmith-stacks/data/certificate/conf
+ APP_TEMPLATE=/opt/appsmith/templates/nginx-app-http.conf.template.sh
+ mkdir -pv /appsmith-stacks/data/certificate/conf
+ cat
+ cat
+ [[ -z 'self' * ]]
+ export 'APPSMITH_ALLOWED_FRAME_ANCESTORS='\''self'\'' *'
+ APPSMITH_ALLOWED_FRAME_ANCESTORS=''\''self'\'' *'
+ [[ -z false ]]
+ [[ -n '' ]]
+ bash /opt/appsmith/templates/nginx-app-http.conf.template.sh ''
+ index_html_served=/opt/appsmith/editor/index.html
+ index_html_original=/opt/appsmith/index.html.original
+ [[ ! -f /opt/appsmith/index.html.original ]]
+ cp -v /opt/appsmith/editor/index.html /opt/appsmith/index.html.original
+ node -e '
const fs = require("fs")
const content = fs.readFileSync("/opt/appsmith/index.html.original", "utf8").replace(
  /\b__(APPSMITH_[A-Z0-9_]+)__\b/g,
  (placeholder, name) => (process.env[name] || "")
)
fs.writeFileSync("/opt/appsmith/editor/index.html", content)
'
+ exec nginx -g 'daemon off;error_log stderr info;'
2023/04/15 18:24:03 [notice] 1453#1453: using the "epoll" event method
2023/04/15 18:24:03 [notice] 1453#1453: nginx/1.18.0 (Ubuntu)
2023/04/15 18:24:03 [notice] 1453#1453: OS: Linux 5.15.90.1-microsoft-standard-WSL2
2023/04/15 18:24:03 [notice] 1453#1453: getrlimit(RLIMIT_NOFILE): 1048576:1048576
2023/04/15 18:24:03 [notice] 1453#1453: start worker processes
2023/04/15 18:24:03 [notice] 1453#1453: start worker process 1489
2023/04/15 18:24:03 [notice] 1453#1453: start worker process 1490
2023/04/15 18:24:03 [notice] 1453#1453: start worker process 1491
2023/04/15 18:24:03 [notice] 1453#1453: start worker process 1492
2023/04/15 18:24:03 [notice] 1453#1453: start worker process 1493
2023/04/15 18:24:03 [notice] 1453#1453: start worker process 1494
2023/04/15 18:24:03 [notice] 1453#1453: start worker process 1495
2023/04/15 18:24:03 [notice] 1453#1453: start worker process 1496
2023/04/15 18:24:03 [notice] 1453#1453: start worker process 1497
2023/04/15 18:24:03 [notice] 1453#1453: start worker process 1498
2023/04/15 18:24:03 [notice] 1453#1453: start worker process 1499
2023/04/15 18:24:03 [notice] 1453#1453: start worker process 1500
2023/04/15 18:24:03 [notice] 1453#1453: start worker process 1501
2023/04/15 18:24:03 [notice] 1453#1453: start worker process 1502
2023/04/15 18:24:03 [notice] 1453#1453: start worker process 1503
2023/04/15 18:24:03 [notice] 1453#1453: start worker process 1504
2023/04/15 18:24:03 [notice] 1453#1453: start worker process 1505
2023/04/15 18:24:03 [notice] 1453#1453: start worker process 1506
2023/04/15 18:24:03 [notice] 1453#1453: start worker process 1507
2023/04/15 18:24:03 [notice] 1453#1453: start worker process 1508
2023/04/15 18:27:29 [notice] 1453#1453: signal 3 (SIGQUIT) received from 1, shutting down
2023/04/15 18:27:29 [notice] 1490#1490: gracefully shutting down
2023/04/15 18:27:29 [notice] 1489#1489: gracefully shutting down
2023/04/15 18:27:29 [notice] 1491#1491: gracefully shutting down
2023/04/15 18:27:29 [notice] 1493#1493: gracefully shutting down
2023/04/15 18:27:29 [notice] 1492#1492: gracefully shutting down
2023/04/15 18:27:29 [notice] 1497#1497: gracefully shutting down
2023/04/15 18:27:29 [notice] 1494#1494: gracefully shutting down
2023/04/15 18:27:29 [notice] 1489#1489: exiting
2023/04/15 18:27:29 [notice] 1495#1495: gracefully shutting down
2023/04/15 18:27:29 [notice] 1497#1497: exiting
2023/04/15 18:27:29 [notice] 1494#1494: exiting
2023/04/15 18:27:29 [notice] 1495#1495: exiting
2023/04/15 18:27:29 [notice] 1499#1499: gracefully shutting down
2023/04/15 18:27:29 [notice] 1500#1500: gracefully shutting down
2023/04/15 18:27:29 [notice] 1496#1496: gracefully shutting down
2023/04/15 18:27:29 [notice] 1499#1499: exiting
2023/04/15 18:27:29 [notice] 1501#1501: gracefully shutting down
2023/04/15 18:27:29 [notice] 1496#1496: exiting
2023/04/15 18:27:29 [notice] 1502#1502: gracefully shutting down
2023/04/15 18:27:29 [notice] 1500#1500: exiting
2023/04/15 18:27:29 [notice] 1504#1504: gracefully shutting down
2023/04/15 18:27:29 [notice] 1503#1503: gracefully shutting down
2023/04/15 18:27:29 [notice] 1507#1507: gracefully shutting down
2023/04/15 18:27:29 [notice] 1502#1502: exiting
2023/04/15 18:27:29 [notice] 1503#1503: exiting
2023/04/15 18:27:29 [notice] 1508#1508: gracefully shutting down
2023/04/15 18:27:29 [notice] 1501#1501: exiting
2023/04/15 18:27:29 [notice] 1508#1508: exiting
2023/04/15 18:27:29 [notice] 1507#1507: exiting
2023/04/15 18:27:29 [notice] 1506#1506: gracefully shutting down
2023/04/15 18:27:29 [notice] 1504#1504: exiting
2023/04/15 18:27:29 [notice] 1498#1498: gracefully shutting down
2023/04/15 18:27:29 [notice] 1490#1490: exiting
2023/04/15 18:27:29 [notice] 1493#1493: exiting
2023/04/15 18:27:29 [notice] 1505#1505: gracefully shutting down
2023/04/15 18:27:29 [notice] 1505#1505: exiting
2023/04/15 18:27:29 [notice] 1491#1491: exiting
2023/04/15 18:27:29 [notice] 1492#1492: exiting
2023/04/15 18:27:29 [notice] 1500#1500: exit
2023/04/15 18:27:29 [notice] 1499#1499: exit
2023/04/15 18:27:29 [notice] 1504#1504: exit
2023/04/15 18:27:29 [notice] 1496#1496: exit
2023/04/15 18:27:29 [notice] 1498#1498: exiting
2023/04/15 18:27:29 [notice] 1502#1502: exit
2023/04/15 18:27:29 [notice] 1489#1489: exit
2023/04/15 18:27:29 [notice] 1497#1497: exit
2023/04/15 18:27:29 [notice] 1493#1493: exit
2023/04/15 18:27:29 [notice] 1490#1490: exit
2023/04/15 18:27:29 [notice] 1495#1495: exit
2023/04/15 18:27:29 [notice] 1507#1507: exit
2023/04/15 18:27:29 [notice] 1508#1508: exit
2023/04/15 18:27:29 [notice] 1506#1506: exiting
2023/04/15 18:27:29 [notice] 1453#1453: signal 17 (SIGCHLD) received from 1504
2023/04/15 18:27:29 [notice] 1453#1453: worker process 1489 exited with code 0
2023/04/15 18:27:29 [notice] 1453#1453: worker process 1490 exited with code 0
2023/04/15 18:27:29 [notice] 1453#1453: worker process 1493 exited with code 0
2023/04/15 18:27:29 [notice] 1453#1453: worker process 1495 exited with code 0
2023/04/15 18:27:29 [notice] 1453#1453: worker process 1496 exited with code 0
2023/04/15 18:27:29 [notice] 1453#1453: worker process 1497 exited with code 0
2023/04/15 18:27:29 [notice] 1453#1453: worker process 1499 exited with code 0
2023/04/15 18:27:29 [notice] 1453#1453: worker process 1500 exited with code 0
2023/04/15 18:27:29 [notice] 1453#1453: worker process 1502 exited with code 0
2023/04/15 18:27:29 [notice] 1453#1453: worker process 1504 exited with code 0
2023/04/15 18:27:29 [notice] 1453#1453: worker process 1507 exited with code 0
2023/04/15 18:27:29 [notice] 1494#1494: exit
2023/04/15 18:27:29 [notice] 1503#1503: exit
2023/04/15 18:27:29 [notice] 1501#1501: exit
2023/04/15 18:27:29 [notice] 1453#1453: signal 29 (SIGIO) received
2023/04/15 18:27:29 [notice] 1498#1498: exit
2023/04/15 18:27:29 [notice] 1453#1453: signal 17 (SIGCHLD) received from 1508
2023/04/15 18:27:29 [notice] 1453#1453: worker process 1508 exited with code 0
2023/04/15 18:27:29 [notice] 1453#1453: signal 29 (SIGIO) received
2023/04/15 18:27:29 [notice] 1505#1505: exit
2023/04/15 18:27:29 [notice] 1492#1492: exit
2023/04/15 18:27:29 [notice] 1506#1506: exit
2023/04/15 18:27:29 [notice] 1491#1491: exit
2023/04/15 18:27:29 [notice] 1453#1453: signal 17 (SIGCHLD) received from 1503
2023/04/15 18:27:29 [notice] 1453#1453: worker process 1494 exited with code 0
2023/04/15 18:27:29 [notice] 1453#1453: worker process 1503 exited with code 0
2023/04/15 18:27:29 [notice] 1453#1453: signal 29 (SIGIO) received
2023/04/15 18:27:29 [notice] 1453#1453: signal 17 (SIGCHLD) received from 1501
2023/04/15 18:27:29 [notice] 1453#1453: worker process 1501 exited with code 0
2023/04/15 18:27:29 [notice] 1453#1453: worker process 1498 exited with code 0
2023/04/15 18:27:29 [notice] 1453#1453: signal 29 (SIGIO) received
2023/04/15 18:27:29 [notice] 1453#1453: signal 17 (SIGCHLD) received from 1498
2023/04/15 18:27:29 [notice] 1453#1453: signal 17 (SIGCHLD) received from 1505
2023/04/15 18:27:29 [notice] 1453#1453: worker process 1491 exited with code 0
2023/04/15 18:27:29 [notice] 1453#1453: worker process 1492 exited with code 0
2023/04/15 18:27:29 [notice] 1453#1453: worker process 1505 exited with code 0
2023/04/15 18:27:29 [notice] 1453#1453: worker process 1506 exited with code 0
2023/04/15 18:27:29 [notice] 1453#1453: exit
+ http_conf=/opt/appsmith/templates/nginx-app-http.conf.template.sh
+ https_conf=/opt/appsmith/templates/nginx-app-https.conf.template.sh
+ ssl_conf_path=/appsmith-stacks/data/certificate/conf
+ APP_TEMPLATE=/opt/appsmith/templates/nginx-app-http.conf.template.sh
+ mkdir -pv /appsmith-stacks/data/certificate/conf
+ cat
+ cat
+ [[ -z 'self' * ]]
+ export 'APPSMITH_ALLOWED_FRAME_ANCESTORS='\''self'\'' *'
+ APPSMITH_ALLOWED_FRAME_ANCESTORS=''\''self'\'' *'
+ [[ -z false ]]
+ [[ -n '' ]]
+ bash /opt/appsmith/templates/nginx-app-http.conf.template.sh ''
+ index_html_served=/opt/appsmith/editor/index.html
+ index_html_original=/opt/appsmith/index.html.original
+ [[ ! -f /opt/appsmith/index.html.original ]]
+ node -e '
const fs = require("fs")
const content = fs.readFileSync("/opt/appsmith/index.html.original", "utf8").replace(
  /\b__(APPSMITH_[A-Z0-9_]+)__\b/g,
  (placeholder, name) => (process.env[name] || "")
)
fs.writeFileSync("/opt/appsmith/editor/index.html", content)
'
+ exec nginx -g 'daemon off;error_log stderr info;'
2023/04/15 18:28:22 [notice] 1358#1358: using the "epoll" event method
2023/04/15 18:28:22 [notice] 1358#1358: nginx/1.18.0 (Ubuntu)
2023/04/15 18:28:22 [notice] 1358#1358: OS: Linux 5.15.90.1-microsoft-standard-WSL2
2023/04/15 18:28:22 [notice] 1358#1358: getrlimit(RLIMIT_NOFILE): 1048576:1048576
2023/04/15 18:28:22 [notice] 1358#1358: start worker processes
2023/04/15 18:28:22 [notice] 1358#1358: start worker process 1383
2023/04/15 18:28:22 [notice] 1358#1358: start worker process 1384
2023/04/15 18:28:22 [notice] 1358#1358: start worker process 1385
2023/04/15 18:28:22 [notice] 1358#1358: start worker process 1386
2023/04/15 18:28:22 [notice] 1358#1358: start worker process 1387
2023/04/15 18:28:22 [notice] 1358#1358: start worker process 1388
2023/04/15 18:28:22 [notice] 1358#1358: start worker process 1389
2023/04/15 18:28:22 [notice] 1358#1358: start worker process 1390
2023/04/15 18:28:22 [notice] 1358#1358: start worker process 1391
2023/04/15 18:28:22 [notice] 1358#1358: start worker process 1392
2023/04/15 18:28:22 [notice] 1358#1358: start worker process 1393
2023/04/15 18:28:22 [notice] 1358#1358: start worker process 1394
2023/04/15 18:28:22 [notice] 1358#1358: start worker process 1395
2023/04/15 18:28:22 [notice] 1358#1358: start worker process 1396
2023/04/15 18:28:22 [notice] 1358#1358: start worker process 1397
2023/04/15 18:28:22 [notice] 1358#1358: start worker process 1398
2023/04/15 18:28:22 [notice] 1358#1358: start worker process 1399
2023/04/15 18:28:22 [notice] 1358#1358: start worker process 1400
2023/04/15 18:28:22 [notice] 1358#1358: start worker process 1401
2023/04/15 18:28:22 [notice] 1358#1358: start worker process 1402
+ http_conf=/opt/appsmith/templates/nginx-app-http.conf.template.sh
+ https_conf=/opt/appsmith/templates/nginx-app-https.conf.template.sh
+ ssl_conf_path=/appsmith-stacks/data/certificate/conf
+ APP_TEMPLATE=/opt/appsmith/templates/nginx-app-http.conf.template.sh
+ mkdir -pv /appsmith-stacks/data/certificate/conf
+ cat
+ cat
+ [[ -z 'self' * ]]
+ export 'APPSMITH_ALLOWED_FRAME_ANCESTORS='\''self'\'' *'
+ APPSMITH_ALLOWED_FRAME_ANCESTORS=''\''self'\'' *'
+ [[ -z false ]]
+ [[ -n '' ]]
+ bash /opt/appsmith/templates/nginx-app-http.conf.template.sh ''
+ index_html_served=/opt/appsmith/editor/index.html
+ index_html_original=/opt/appsmith/index.html.original
+ [[ ! -f /opt/appsmith/index.html.original ]]
+ node -e '
const fs = require("fs")
const content = fs.readFileSync("/opt/appsmith/index.html.original", "utf8").replace(
  /\b__(APPSMITH_[A-Z0-9_]+)__\b/g,
  (placeholder, name) => (process.env[name] || "")
)
fs.writeFileSync("/opt/appsmith/editor/index.html", content)
'
+ exec nginx -g 'daemon off;error_log stderr info;'
2023/04/15 18:28:36 [notice] 1358#1358: using the "epoll" event method
2023/04/15 18:28:36 [notice] 1358#1358: nginx/1.18.0 (Ubuntu)
2023/04/15 18:28:36 [notice] 1358#1358: OS: Linux 5.15.90.1-microsoft-standard-WSL2
2023/04/15 18:28:36 [notice] 1358#1358: getrlimit(RLIMIT_NOFILE): 1048576:1048576
2023/04/15 18:28:36 [notice] 1358#1358: start worker processes
2023/04/15 18:28:36 [notice] 1358#1358: start worker process 1388
2023/04/15 18:28:36 [notice] 1358#1358: start worker process 1389
2023/04/15 18:28:36 [notice] 1358#1358: start worker process 1390
2023/04/15 18:28:36 [notice] 1358#1358: start worker process 1391
2023/04/15 18:28:36 [notice] 1358#1358: start worker process 1392
2023/04/15 18:28:36 [notice] 1358#1358: start worker process 1393
2023/04/15 18:28:36 [notice] 1358#1358: start worker process 1394
2023/04/15 18:28:36 [notice] 1358#1358: start worker process 1395
2023/04/15 18:28:36 [notice] 1358#1358: start worker process 1396
2023/04/15 18:28:36 [notice] 1358#1358: start worker process 1397
2023/04/15 18:28:36 [notice] 1358#1358: start worker process 1398
2023/04/15 18:28:36 [notice] 1358#1358: start worker process 1399
2023/04/15 18:28:36 [notice] 1358#1358: start worker process 1400
2023/04/15 18:28:36 [notice] 1358#1358: start worker process 1401
2023/04/15 18:28:36 [notice] 1358#1358: start worker process 1402
2023/04/15 18:28:36 [notice] 1358#1358: start worker process 1403
2023/04/15 18:28:36 [notice] 1358#1358: start worker process 1404
2023/04/15 18:28:36 [notice] 1358#1358: start worker process 1405
2023/04/15 18:28:36 [notice] 1358#1358: start worker process 1406
2023/04/15 18:28:36 [notice] 1358#1358: start worker process 1407
2023/04/15 18:30:49 [notice] 1358#1358: signal 3 (SIGQUIT) received from 1, shutting down
2023/04/15 18:30:49 [notice] 1388#1388: gracefully shutting down
2023/04/15 18:30:49 [notice] 1389#1389: gracefully shutting down
2023/04/15 18:30:49 [notice] 1389#1389: exiting
2023/04/15 18:30:49 [notice] 1390#1390: gracefully shutting down
2023/04/15 18:30:49 [notice] 1390#1390: exiting
2023/04/15 18:30:49 [notice] 1391#1391: gracefully shutting down
2023/04/15 18:30:49 [notice] 1391#1391: exiting
2023/04/15 18:30:49 [notice] 1392#1392: gracefully shutting down
2023/04/15 18:30:49 [notice] 1388#1388: exiting
2023/04/15 18:30:49 [notice] 1392#1392: exiting
2023/04/15 18:30:49 [notice] 1395#1395: gracefully shutting down
2023/04/15 18:30:49 [notice] 1395#1395: exiting
2023/04/15 18:30:49 [notice] 1393#1393: gracefully shutting down
2023/04/15 18:30:49 [notice] 1394#1394: gracefully shutting down
2023/04/15 18:30:49 [notice] 1393#1393: exiting
2023/04/15 18:30:49 [notice] 1394#1394: exiting
2023/04/15 18:30:49 [notice] 1396#1396: gracefully shutting down
2023/04/15 18:30:49 [notice] 1396#1396: exiting
2023/04/15 18:30:49 [notice] 1398#1398: gracefully shutting down
2023/04/15 18:30:49 [notice] 1398#1398: exiting
2023/04/15 18:30:49 [notice] 1397#1397: gracefully shutting down
2023/04/15 18:30:49 [notice] 1399#1399: gracefully shutting down
2023/04/15 18:30:49 [notice] 1397#1397: exiting
2023/04/15 18:30:49 [notice] 1399#1399: exiting
2023/04/15 18:30:49 [notice] 1400#1400: gracefully shutting down
2023/04/15 18:30:49 [notice] 1400#1400: exiting
2023/04/15 18:30:49 [notice] 1401#1401: gracefully shutting down
2023/04/15 18:30:49 [notice] 1401#1401: exiting
2023/04/15 18:30:49 [notice] 1402#1402: gracefully shutting down
2023/04/15 18:30:49 [notice] 1403#1403: gracefully shutting down
2023/04/15 18:30:49 [notice] 1402#1402: exiting
2023/04/15 18:30:49 [notice] 1403#1403: exiting
2023/04/15 18:30:49 [notice] 1404#1404: gracefully shutting down
2023/04/15 18:30:49 [notice] 1404#1404: exiting
2023/04/15 18:30:49 [notice] 1405#1405: gracefully shutting down
2023/04/15 18:30:49 [notice] 1405#1405: exiting
2023/04/15 18:30:49 [notice] 1407#1407: gracefully shutting down
2023/04/15 18:30:49 [notice] 1407#1407: exiting
2023/04/15 18:30:49 [notice] 1406#1406: gracefully shutting down
2023/04/15 18:30:49 [notice] 1406#1406: exiting
2023/04/15 18:30:49 [notice] 1397#1397: exit
2023/04/15 18:30:49 [notice] 1391#1391: exit
2023/04/15 18:30:49 [notice] 1400#1400: exit
2023/04/15 18:30:49 [notice] 1403#1403: exit
2023/04/15 18:30:49 [notice] 1388#1388: exit
2023/04/15 18:30:49 [notice] 1396#1396: exit
2023/04/15 18:30:49 [notice] 1392#1392: exit
2023/04/15 18:30:49 [notice] 1404#1404: exit
2023/04/15 18:30:49 [notice] 1401#1401: exit
2023/04/15 18:30:49 [notice] 1406#1406: exit
2023/04/15 18:30:49 [notice] 1407#1407: exit
2023/04/15 18:30:49 [notice] 1399#1399: exit
2023/04/15 18:30:49 [notice] 1390#1390: exit
2023/04/15 18:30:49 [notice] 1393#1393: exit
2023/04/15 18:30:49 [notice] 1358#1358: signal 17 (SIGCHLD) received from 1397
2023/04/15 18:30:49 [notice] 1358#1358: worker process 1397 exited with code 0
2023/04/15 18:30:49 [notice] 1358#1358: signal 29 (SIGIO) received
2023/04/15 18:30:49 [notice] 1358#1358: signal 17 (SIGCHLD) received from 1403
2023/04/15 18:30:49 [notice] 1358#1358: worker process 1403 exited with code 0
2023/04/15 18:30:49 [notice] 1358#1358: signal 29 (SIGIO) received
2023/04/15 18:30:49 [notice] 1358#1358: signal 17 (SIGCHLD) received from 1396
2023/04/15 18:30:49 [notice] 1358#1358: worker process 1396 exited with code 0
2023/04/15 18:30:49 [notice] 1358#1358: worker process 1404 exited with code 0
2023/04/15 18:30:49 [notice] 1358#1358: worker process 1391 exited with code 0
2023/04/15 18:30:49 [notice] 1358#1358: worker process 1392 exited with code 0
2023/04/15 18:30:49 [notice] 1358#1358: signal 29 (SIGIO) received
2023/04/15 18:30:49 [notice] 1358#1358: signal 17 (SIGCHLD) received from 1392
2023/04/15 18:30:49 [notice] 1358#1358: worker process 1407 exited with code 0
2023/04/15 18:30:49 [notice] 1358#1358: signal 29 (SIGIO) received
2023/04/15 18:30:49 [notice] 1358#1358: signal 17 (SIGCHLD) received from 1400
2023/04/15 18:30:49 [notice] 1358#1358: worker process 1390 exited with code 0
2023/04/15 18:30:49 [notice] 1358#1358: worker process 1400 exited with code 0
2023/04/15 18:30:49 [notice] 1358#1358: signal 29 (SIGIO) received
2023/04/15 18:30:49 [notice] 1358#1358: signal 17 (SIGCHLD) received from 1390
2023/04/15 18:30:49 [notice] 1395#1395: exit
2023/04/15 18:30:49 [notice] 1358#1358: signal 17 (SIGCHLD) received from 1393
2023/04/15 18:30:49 [notice] 1358#1358: worker process 1393 exited with code 0
2023/04/15 18:30:49 [notice] 1358#1358: signal 29 (SIGIO) received
2023/04/15 18:30:49 [notice] 1358#1358: signal 17 (SIGCHLD) received from 1406
2023/04/15 18:30:49 [notice] 1358#1358: worker process 1406 exited with code 0
2023/04/15 18:30:49 [notice] 1358#1358: signal 29 (SIGIO) received
2023/04/15 18:30:49 [notice] 1394#1394: exit
2023/04/15 18:30:49 [notice] 1389#1389: exit
2023/04/15 18:30:49 [notice] 1405#1405: exit
2023/04/15 18:30:49 [notice] 1402#1402: exit
2023/04/15 18:30:49 [notice] 1358#1358: signal 17 (SIGCHLD) received from 1401
2023/04/15 18:30:49 [notice] 1358#1358: worker process 1399 exited with code 0
2023/04/15 18:30:49 [notice] 1358#1358: worker process 1401 exited with code 0
2023/04/15 18:30:49 [notice] 1358#1358: signal 29 (SIGIO) received
2023/04/15 18:30:49 [notice] 1358#1358: signal 17 (SIGCHLD) received from 1395
2023/04/15 18:30:49 [notice] 1358#1358: worker process 1395 exited with code 0
2023/04/15 18:30:49 [notice] 1358#1358: signal 29 (SIGIO) received
2023/04/15 18:30:49 [notice] 1358#1358: signal 17 (SIGCHLD) received from 1388
2023/04/15 18:30:49 [notice] 1358#1358: worker process 1388 exited with code 0
2023/04/15 18:30:49 [notice] 1358#1358: worker process 1402 exited with code 0
2023/04/15 18:30:49 [notice] 1358#1358: signal 29 (SIGIO) received
2023/04/15 18:30:49 [notice] 1398#1398: exit
2023/04/15 18:30:49 [notice] 1358#1358: signal 17 (SIGCHLD) received from 1394
2023/04/15 18:30:49 [notice] 1358#1358: worker process 1389 exited with code 0
2023/04/15 18:30:49 [notice] 1358#1358: worker process 1394 exited with code 0
2023/04/15 18:30:49 [notice] 1358#1358: worker process 1405 exited with code 0
2023/04/15 18:30:49 [notice] 1358#1358: signal 29 (SIGIO) received
2023/04/15 18:30:49 [notice] 1358#1358: signal 17 (SIGCHLD) received from 1398
2023/04/15 18:30:49 [notice] 1358#1358: worker process 1398 exited with code 0
2023/04/15 18:30:49 [notice] 1358#1358: exit
+ http_conf=/opt/appsmith/templates/nginx-app-http.conf.template.sh
+ https_conf=/opt/appsmith/templates/nginx-app-https.conf.template.sh
+ ssl_conf_path=/appsmith-stacks/data/certificate/conf
+ APP_TEMPLATE=/opt/appsmith/templates/nginx-app-http.conf.template.sh
+ mkdir -pv /appsmith-stacks/data/certificate/conf
+ cat
+ cat
+ [[ -z 'self' * ]]
+ export 'APPSMITH_ALLOWED_FRAME_ANCESTORS='\''self'\'' *'
+ APPSMITH_ALLOWED_FRAME_ANCESTORS=''\''self'\'' *'
+ [[ -z false ]]
+ [[ -n '' ]]
+ bash /opt/appsmith/templates/nginx-app-http.conf.template.sh ''
+ index_html_served=/opt/appsmith/editor/index.html
+ index_html_original=/opt/appsmith/index.html.original
+ [[ ! -f /opt/appsmith/index.html.original ]]
+ node -e '
const fs = require("fs")
const content = fs.readFileSync("/opt/appsmith/index.html.original", "utf8").replace(
  /\b__(APPSMITH_[A-Z0-9_]+)__\b/g,
  (placeholder, name) => (process.env[name] || "")
)
fs.writeFileSync("/opt/appsmith/editor/index.html", content)
'
+ exec nginx -g 'daemon off;error_log stderr info;'
2023/04/15 18:31:05 [notice] 1357#1357: using the "epoll" event method
2023/04/15 18:31:05 [notice] 1357#1357: nginx/1.18.0 (Ubuntu)
2023/04/15 18:31:05 [notice] 1357#1357: OS: Linux 5.15.90.1-microsoft-standard-WSL2
2023/04/15 18:31:05 [notice] 1357#1357: getrlimit(RLIMIT_NOFILE): 1048576:1048576
2023/04/15 18:31:05 [notice] 1357#1357: start worker processes
2023/04/15 18:31:05 [notice] 1357#1357: start worker process 1388
2023/04/15 18:31:05 [notice] 1357#1357: start worker process 1389
2023/04/15 18:31:05 [notice] 1357#1357: start worker process 1390
2023/04/15 18:31:05 [notice] 1357#1357: start worker process 1391
2023/04/15 18:31:05 [notice] 1357#1357: start worker process 1392
2023/04/15 18:31:05 [notice] 1357#1357: start worker process 1393
2023/04/15 18:31:05 [notice] 1357#1357: start worker process 1394
2023/04/15 18:31:05 [notice] 1357#1357: start worker process 1395
2023/04/15 18:31:05 [notice] 1357#1357: start worker process 1396
2023/04/15 18:31:05 [notice] 1357#1357: start worker process 1397
2023/04/15 18:31:05 [notice] 1357#1357: start worker process 1398
2023/04/15 18:31:05 [notice] 1357#1357: start worker process 1399
2023/04/15 18:31:05 [notice] 1357#1357: start worker process 1400
2023/04/15 18:31:05 [notice] 1357#1357: start worker process 1401
2023/04/15 18:31:05 [notice] 1357#1357: start worker process 1402
2023/04/15 18:31:05 [notice] 1357#1357: start worker process 1403
2023/04/15 18:31:05 [notice] 1357#1357: start worker process 1404
2023/04/15 18:31:05 [notice] 1357#1357: start worker process 1405
2023/04/15 18:31:05 [notice] 1357#1357: start worker process 1406
2023/04/15 18:31:05 [notice] 1357#1357: start worker process 1407
2023/04/15 18:33:32 [notice] 1357#1357: signal 3 (SIGQUIT) received from 1, shutting down
2023/04/15 18:33:32 [notice] 1388#1388: gracefully shutting down
2023/04/15 18:33:32 [notice] 1390#1390: gracefully shutting down
2023/04/15 18:33:32 [notice] 1390#1390: exiting
2023/04/15 18:33:32 [notice] 1388#1388: exiting
2023/04/15 18:33:32 [notice] 1392#1392: gracefully shutting down
2023/04/15 18:33:32 [notice] 1392#1392: exiting
2023/04/15 18:33:32 [notice] 1403#1403: gracefully shutting down
2023/04/15 18:33:32 [notice] 1403#1403: exiting
2023/04/15 18:33:32 [notice] 1404#1404: gracefully shutting down
2023/04/15 18:33:32 [notice] 1404#1404: exiting
2023/04/15 18:33:32 [notice] 1400#1400: gracefully shutting down
2023/04/15 18:33:32 [notice] 1391#1391: gracefully shutting down
2023/04/15 18:33:32 [notice] 1397#1397: gracefully shutting down
2023/04/15 18:33:32 [notice] 1400#1400: exiting
2023/04/15 18:33:32 [notice] 1389#1389: gracefully shutting down
2023/04/15 18:33:32 [notice] 1397#1397: exiting
2023/04/15 18:33:32 [notice] 1395#1395: gracefully shutting down
2023/04/15 18:33:32 [notice] 1395#1395: exiting
2023/04/15 18:33:32 [notice] 1391#1391: exiting
2023/04/15 18:33:32 [notice] 1389#1389: exiting
2023/04/15 18:33:32 [notice] 1405#1405: gracefully shutting down
2023/04/15 18:33:32 [notice] 1405#1405: exiting
2023/04/15 18:33:32 [notice] 1406#1406: gracefully shutting down
2023/04/15 18:33:32 [notice] 1406#1406: exiting
2023/04/15 18:33:32 [notice] 1396#1396: gracefully shutting down
2023/04/15 18:33:32 [notice] 1396#1396: exiting
2023/04/15 18:33:32 [notice] 1394#1394: gracefully shutting down
2023/04/15 18:33:32 [notice] 1393#1393: gracefully shutting down
2023/04/15 18:33:32 [notice] 1401#1401: gracefully shutting down
2023/04/15 18:33:32 [notice] 1394#1394: exiting
2023/04/15 18:33:32 [notice] 1393#1393: exiting
2023/04/15 18:33:32 [notice] 1401#1401: exiting
2023/04/15 18:33:32 [notice] 1392#1392: exit
2023/04/15 18:33:32 [notice] 1398#1398: gracefully shutting down
2023/04/15 18:33:32 [notice] 1399#1399: gracefully shutting down
2023/04/15 18:33:32 [notice] 1398#1398: exiting
2023/04/15 18:33:32 [notice] 1399#1399: exiting
2023/04/15 18:33:32 [notice] 1402#1402: gracefully shutting down
2023/04/15 18:33:32 [notice] 1402#1402: exiting
2023/04/15 18:33:32 [notice] 1398#1398: exit
2023/04/15 18:33:32 [notice] 1388#1388: exit
2023/04/15 18:33:32 [notice] 1402#1402: exit
2023/04/15 18:33:32 [notice] 1391#1391: exit
2023/04/15 18:33:32 [notice] 1406#1406: exit
2023/04/15 18:33:32 [notice] 1357#1357: signal 17 (SIGCHLD) received from 1392
2023/04/15 18:33:32 [notice] 1357#1357: worker process 1392 exited with code 0
2023/04/15 18:33:32 [notice] 1357#1357: worker process 1398 exited with code 0
2023/04/15 18:33:32 [notice] 1357#1357: signal 29 (SIGIO) received
2023/04/15 18:33:32 [notice] 1357#1357: signal 17 (SIGCHLD) received from 1398
2023/04/15 18:33:32 [notice] 1407#1407: gracefully shutting down
2023/04/15 18:33:32 [notice] 1407#1407: exiting
2023/04/15 18:33:32 [notice] 1357#1357: signal 17 (SIGCHLD) received from 1402
2023/04/15 18:33:32 [notice] 1357#1357: worker process 1402 exited with code 0
2023/04/15 18:33:32 [notice] 1357#1357: signal 29 (SIGIO) received
2023/04/15 18:33:32 [notice] 1357#1357: signal 17 (SIGCHLD) received from 1391
2023/04/15 18:33:32 [notice] 1357#1357: worker process 1391 exited with code 0
2023/04/15 18:33:32 [notice] 1357#1357: signal 29 (SIGIO) received
2023/04/15 18:33:32 [notice] 1357#1357: signal 17 (SIGCHLD) received from 1388
2023/04/15 18:33:32 [notice] 1357#1357: worker process 1388 exited with code 0
2023/04/15 18:33:32 [notice] 1357#1357: worker process 1406 exited with code 0
2023/04/15 18:33:32 [notice] 1357#1357: signal 29 (SIGIO) received
2023/04/15 18:33:32 [notice] 1357#1357: signal 17 (SIGCHLD) received from 1406
2023/04/15 18:33:32 [notice] 1407#1407: exit
2023/04/15 18:33:32 [notice] 1400#1400: exit
2023/04/15 18:33:32 [notice] 1403#1403: exit
2023/04/15 18:33:32 [notice] 1390#1390: exit
2023/04/15 18:33:32 [notice] 1404#1404: exit
2023/04/15 18:33:32 [notice] 1401#1401: exit
2023/04/15 18:33:32 [notice] 1405#1405: exit
2023/04/15 18:33:32 [notice] 1389#1389: exit
2023/04/15 18:33:32 [notice] 1357#1357: signal 17 (SIGCHLD) received from 1407
2023/04/15 18:33:32 [notice] 1357#1357: worker process 1407 exited with code 0
2023/04/15 18:33:32 [notice] 1357#1357: signal 29 (SIGIO) received
2023/04/15 18:33:32 [notice] 1357#1357: signal 17 (SIGCHLD) received from 1390
2023/04/15 18:33:32 [notice] 1357#1357: worker process 1390 exited with code 0
2023/04/15 18:33:32 [notice] 1357#1357: signal 29 (SIGIO) received
2023/04/15 18:33:32 [notice] 1393#1393: exit
2023/04/15 18:33:32 [notice] 1396#1396: exit
2023/04/15 18:33:32 [notice] 1357#1357: signal 17 (SIGCHLD) received from 1405
2023/04/15 18:33:32 [notice] 1357#1357: worker process 1405 exited with code 0
2023/04/15 18:33:32 [notice] 1357#1357: signal 29 (SIGIO) received
2023/04/15 18:33:32 [notice] 1394#1394: exit
2023/04/15 18:33:32 [notice] 1357#1357: signal 17 (SIGCHLD) received from 1404
2023/04/15 18:33:32 [notice] 1357#1357: worker process 1404 exited with code 0
2023/04/15 18:33:32 [notice] 1357#1357: signal 29 (SIGIO) received
2023/04/15 18:33:32 [notice] 1357#1357: signal 17 (SIGCHLD) received from 1400
2023/04/15 18:33:32 [notice] 1357#1357: worker process 1400 exited with code 0
2023/04/15 18:33:32 [notice] 1357#1357: signal 29 (SIGIO) received
2023/04/15 18:33:32 [notice] 1395#1395: exit
2023/04/15 18:33:32 [notice] 1399#1399: exit
2023/04/15 18:33:32 [notice] 1357#1357: signal 17 (SIGCHLD) received from 1403
2023/04/15 18:33:32 [notice] 1357#1357: worker process 1403 exited with code 0
2023/04/15 18:33:32 [notice] 1357#1357: signal 29 (SIGIO) received
2023/04/15 18:33:32 [notice] 1357#1357: signal 17 (SIGCHLD) received from 1394
2023/04/15 18:33:32 [notice] 1357#1357: worker process 1394 exited with code 0
2023/04/15 18:33:32 [notice] 1357#1357: signal 29 (SIGIO) received
2023/04/15 18:33:32 [notice] 1357#1357: signal 17 (SIGCHLD) received from 1401
2023/04/15 18:33:32 [notice] 1357#1357: worker process 1389 exited with code 0
2023/04/15 18:33:32 [notice] 1357#1357: worker process 1401 exited with code 0
2023/04/15 18:33:32 [notice] 1357#1357: signal 29 (SIGIO) received
2023/04/15 18:33:32 [notice] 1357#1357: signal 17 (SIGCHLD) received from 1389
2023/04/15 18:33:32 [notice] 1357#1357: signal 17 (SIGCHLD) received from 1395
2023/04/15 18:33:32 [notice] 1357#1357: worker process 1395 exited with code 0
2023/04/15 18:33:32 [notice] 1357#1357: signal 29 (SIGIO) received
2023/04/15 18:33:32 [notice] 1397#1397: exit
2023/04/15 18:33:32 [notice] 1357#1357: signal 17 (SIGCHLD) received from 1393
2023/04/15 18:33:32 [notice] 1357#1357: worker process 1393 exited with code 0
2023/04/15 18:33:32 [notice] 1357#1357: signal 29 (SIGIO) received
2023/04/15 18:33:32 [notice] 1357#1357: signal 17 (SIGCHLD) received from 1396
2023/04/15 18:33:32 [notice] 1357#1357: worker process 1396 exited with code 0
2023/04/15 18:33:32 [notice] 1357#1357: worker process 1399 exited with code 0
2023/04/15 18:33:32 [notice] 1357#1357: signal 29 (SIGIO) received
2023/04/15 18:33:32 [notice] 1357#1357: signal 17 (SIGCHLD) received from 1397
2023/04/15 18:33:32 [notice] 1357#1357: worker process 1397 exited with code 0
2023/04/15 18:33:32 [notice] 1357#1357: exit
