+ http_conf=/opt/appsmith/templates/nginx-app-http.conf.template.sh
+ https_conf=/opt/appsmith/templates/nginx-app-https.conf.template.sh
+ ssl_conf_path=/appsmith-stacks/data/certificate/conf
+ APP_TEMPLATE=/opt/appsmith/templates/nginx-app-http.conf.template.sh
+ mkdir -pv /appsmith-stacks/data/certificate/conf
+ cat
+ cat
+ [[ -z 'self' * ]]
+ export 'APPSMITH_ALLOWED_FRAME_ANCESTORS='\''self'\'' *'
+ APPSMITH_ALLOWED_FRAME_ANCESTORS=''\''self'\'' *'
+ [[ -z false ]]
+ [[ -n '' ]]
+ bash /opt/appsmith/templates/nginx-app-http.conf.template.sh ''
+ index_html_served=/opt/appsmith/editor/index.html
+ index_html_original=/opt/appsmith/index.html.original
+ [[ ! -f /opt/appsmith/index.html.original ]]
+ cp -v /opt/appsmith/editor/index.html /opt/appsmith/index.html.original
+ node -e '
const fs = require("fs")
const content = fs.readFileSync("/opt/appsmith/index.html.original", "utf8").replace(
  /\b__(APPSMITH_[A-Z0-9_]+)__\b/g,
  (placeholder, name) => (process.env[name] || "")
)
fs.writeFileSync("/opt/appsmith/editor/index.html", content)
'
+ exec nginx -g 'daemon off;error_log stderr info;'
2023/04/15 18:34:08 [notice] 1354#1354: using the "epoll" event method
2023/04/15 18:34:08 [notice] 1354#1354: nginx/1.18.0 (Ubuntu)
2023/04/15 18:34:08 [notice] 1354#1354: OS: Linux 5.15.90.1-microsoft-standard-WSL2
2023/04/15 18:34:08 [notice] 1354#1354: getrlimit(RLIMIT_NOFILE): 1048576:1048576
2023/04/15 18:34:08 [notice] 1354#1354: start worker processes
2023/04/15 18:34:08 [notice] 1354#1354: start worker process 1386
2023/04/15 18:34:08 [notice] 1354#1354: start worker process 1387
2023/04/15 18:34:08 [notice] 1354#1354: start worker process 1388
2023/04/15 18:34:08 [notice] 1354#1354: start worker process 1389
2023/04/15 18:34:08 [notice] 1354#1354: start worker process 1390
2023/04/15 18:34:08 [notice] 1354#1354: start worker process 1391
2023/04/15 18:34:08 [notice] 1354#1354: start worker process 1392
2023/04/15 18:34:08 [notice] 1354#1354: start worker process 1393
2023/04/15 18:34:08 [notice] 1354#1354: start worker process 1394
2023/04/15 18:34:08 [notice] 1354#1354: start worker process 1395
2023/04/15 18:34:08 [notice] 1354#1354: start worker process 1396
2023/04/15 18:34:08 [notice] 1354#1354: start worker process 1397
2023/04/15 18:34:08 [notice] 1354#1354: start worker process 1398
2023/04/15 18:34:08 [notice] 1354#1354: start worker process 1399
2023/04/15 18:34:08 [notice] 1354#1354: start worker process 1400
2023/04/15 18:34:08 [notice] 1354#1354: start worker process 1401
2023/04/15 18:34:08 [notice] 1354#1354: start worker process 1402
2023/04/15 18:34:08 [notice] 1354#1354: start worker process 1403
2023/04/15 18:34:08 [notice] 1354#1354: start worker process 1404
2023/04/15 18:34:08 [notice] 1354#1354: start worker process 1405
2023/04/15 18:35:32 [notice] 1354#1354: signal 3 (SIGQUIT) received from 1, shutting down
2023/04/15 18:35:32 [notice] 1386#1386: gracefully shutting down
2023/04/15 18:35:32 [notice] 1387#1387: gracefully shutting down
2023/04/15 18:35:32 [notice] 1387#1387: exiting
2023/04/15 18:35:32 [notice] 1388#1388: gracefully shutting down
2023/04/15 18:35:32 [notice] 1388#1388: exiting
2023/04/15 18:35:32 [notice] 1386#1386: exiting
2023/04/15 18:35:32 [notice] 1390#1390: gracefully shutting down
2023/04/15 18:35:32 [notice] 1392#1392: gracefully shutting down
2023/04/15 18:35:32 [notice] 1389#1389: gracefully shutting down
2023/04/15 18:35:32 [notice] 1391#1391: gracefully shutting down
2023/04/15 18:35:32 [notice] 1390#1390: exiting
2023/04/15 18:35:32 [notice] 1392#1392: exiting
2023/04/15 18:35:32 [notice] 1389#1389: exiting
2023/04/15 18:35:32 [notice] 1393#1393: gracefully shutting down
2023/04/15 18:35:32 [notice] 1393#1393: exiting
2023/04/15 18:35:32 [notice] 1391#1391: exiting
2023/04/15 18:35:32 [notice] 1403#1403: gracefully shutting down
2023/04/15 18:35:32 [notice] 1403#1403: exiting
2023/04/15 18:35:32 [notice] 1387#1387: exit
2023/04/15 18:35:32 [notice] 1392#1392: exit
2023/04/15 18:35:32 [notice] 1389#1389: exit
2023/04/15 18:35:32 [notice] 1386#1386: exit
2023/04/15 18:35:32 [notice] 1393#1393: exit
2023/04/15 18:35:32 [notice] 1403#1403: exit
2023/04/15 18:35:32 [notice] 1404#1404: gracefully shutting down
2023/04/15 18:35:32 [notice] 1404#1404: exiting
2023/04/15 18:35:32 [notice] 1388#1388: exit
2023/04/15 18:35:32 [notice] 1390#1390: exit
2023/04/15 18:35:32 [notice] 1391#1391: exit
2023/04/15 18:35:32 [notice] 1354#1354: signal 17 (SIGCHLD) received from 1386
2023/04/15 18:35:32 [notice] 1354#1354: worker process 1386 exited with code 0
2023/04/15 18:35:32 [notice] 1354#1354: worker process 1389 exited with code 0
2023/04/15 18:35:32 [notice] 1405#1405: gracefully shutting down
2023/04/15 18:35:32 [notice] 1354#1354: worker process 1392 exited with code 0
2023/04/15 18:35:32 [notice] 1354#1354: worker process 1393 exited with code 0
2023/04/15 18:35:32 [notice] 1354#1354: worker process 1403 exited with code 0
2023/04/15 18:35:32 [notice] 1405#1405: exiting
2023/04/15 18:35:32 [notice] 1399#1399: gracefully shutting down
2023/04/15 18:35:32 [notice] 1399#1399: exiting
2023/04/15 18:35:32 [notice] 1354#1354: signal 29 (SIGIO) received
2023/04/15 18:35:32 [notice] 1394#1394: gracefully shutting down
2023/04/15 18:35:32 [notice] 1394#1394: exiting
2023/04/15 18:35:32 [notice] 1400#1400: gracefully shutting down
2023/04/15 18:35:32 [notice] 1400#1400: exiting
2023/04/15 18:35:32 [notice] 1401#1401: gracefully shutting down
2023/04/15 18:35:32 [notice] 1401#1401: exiting
2023/04/15 18:35:32 [notice] 1404#1404: exit
2023/04/15 18:35:32 [notice] 1405#1405: exit
2023/04/15 18:35:32 [notice] 1399#1399: exit
2023/04/15 18:35:32 [notice] 1394#1394: exit
2023/04/15 18:35:32 [notice] 1400#1400: exit
2023/04/15 18:35:32 [notice] 1402#1402: gracefully shutting down
2023/04/15 18:35:32 [notice] 1401#1401: exit
2023/04/15 18:35:32 [notice] 1402#1402: exiting
2023/04/15 18:35:32 [notice] 1395#1395: gracefully shutting down
2023/04/15 18:35:32 [notice] 1395#1395: exiting
2023/04/15 18:35:32 [notice] 1396#1396: gracefully shutting down
2023/04/15 18:35:32 [notice] 1396#1396: exiting
2023/04/15 18:35:32 [notice] 1354#1354: signal 17 (SIGCHLD) received from 1387
2023/04/15 18:35:32 [notice] 1397#1397: gracefully shutting down
2023/04/15 18:35:32 [notice] 1354#1354: worker process 1387 exited with code 0
2023/04/15 18:35:32 [notice] 1354#1354: worker process 1388 exited with code 0
2023/04/15 18:35:32 [notice] 1354#1354: worker process 1390 exited with code 0
2023/04/15 18:35:32 [notice] 1397#1397: exiting
2023/04/15 18:35:32 [notice] 1354#1354: worker process 1391 exited with code 0
2023/04/15 18:35:32 [notice] 1354#1354: worker process 1399 exited with code 0
2023/04/15 18:35:32 [notice] 1354#1354: worker process 1404 exited with code 0
2023/04/15 18:35:32 [notice] 1354#1354: worker process 1405 exited with code 0
2023/04/15 18:35:32 [notice] 1398#1398: gracefully shutting down
2023/04/15 18:35:32 [notice] 1398#1398: exiting
2023/04/15 18:35:32 [notice] 1402#1402: exit
2023/04/15 18:35:32 [notice] 1397#1397: exit
2023/04/15 18:35:32 [notice] 1396#1396: exit
2023/04/15 18:35:32 [notice] 1395#1395: exit
2023/04/15 18:35:32 [notice] 1398#1398: exit
2023/04/15 18:35:32 [notice] 1354#1354: signal 29 (SIGIO) received
2023/04/15 18:35:32 [notice] 1354#1354: signal 17 (SIGCHLD) received from 1400
2023/04/15 18:35:32 [notice] 1354#1354: worker process 1394 exited with code 0
2023/04/15 18:35:32 [notice] 1354#1354: worker process 1395 exited with code 0
2023/04/15 18:35:32 [notice] 1354#1354: worker process 1396 exited with code 0
2023/04/15 18:35:32 [notice] 1354#1354: worker process 1397 exited with code 0
2023/04/15 18:35:32 [notice] 1354#1354: worker process 1400 exited with code 0
2023/04/15 18:35:32 [notice] 1354#1354: worker process 1401 exited with code 0
2023/04/15 18:35:32 [notice] 1354#1354: worker process 1402 exited with code 0
2023/04/15 18:35:32 [notice] 1354#1354: signal 29 (SIGIO) received
2023/04/15 18:35:32 [notice] 1354#1354: signal 17 (SIGCHLD) received from 1398
2023/04/15 18:35:32 [notice] 1354#1354: worker process 1398 exited with code 0
2023/04/15 18:35:32 [notice] 1354#1354: exit
+ http_conf=/opt/appsmith/templates/nginx-app-http.conf.template.sh
+ https_conf=/opt/appsmith/templates/nginx-app-https.conf.template.sh
+ ssl_conf_path=/appsmith-stacks/data/certificate/conf
+ APP_TEMPLATE=/opt/appsmith/templates/nginx-app-http.conf.template.sh
+ mkdir -pv /appsmith-stacks/data/certificate/conf
+ cat
+ cat
+ [[ -z 'self' * ]]
+ export 'APPSMITH_ALLOWED_FRAME_ANCESTORS='\''self'\'' *'
+ APPSMITH_ALLOWED_FRAME_ANCESTORS=''\''self'\'' *'
+ [[ -z false ]]
+ [[ -n '' ]]
+ bash /opt/appsmith/templates/nginx-app-http.conf.template.sh ''
+ index_html_served=/opt/appsmith/editor/index.html
+ index_html_original=/opt/appsmith/index.html.original
+ [[ ! -f /opt/appsmith/index.html.original ]]
+ node -e '
const fs = require("fs")
const content = fs.readFileSync("/opt/appsmith/index.html.original", "utf8").replace(
  /\b__(APPSMITH_[A-Z0-9_]+)__\b/g,
  (placeholder, name) => (process.env[name] || "")
)
fs.writeFileSync("/opt/appsmith/editor/index.html", content)
'
+ exec nginx -g 'daemon off;error_log stderr info;'
2023/04/15 18:38:46 [notice] 1356#1356: using the "epoll" event method
2023/04/15 18:38:46 [notice] 1356#1356: nginx/1.18.0 (Ubuntu)
2023/04/15 18:38:46 [notice] 1356#1356: OS: Linux 5.15.90.1-microsoft-standard-WSL2
2023/04/15 18:38:46 [notice] 1356#1356: getrlimit(RLIMIT_NOFILE): 1048576:1048576
2023/04/15 18:38:46 [notice] 1356#1356: start worker processes
2023/04/15 18:38:46 [notice] 1356#1356: start worker process 1384
2023/04/15 18:38:46 [notice] 1356#1356: start worker process 1385
2023/04/15 18:38:46 [notice] 1356#1356: start worker process 1386
2023/04/15 18:38:46 [notice] 1356#1356: start worker process 1387
2023/04/15 18:38:46 [notice] 1356#1356: start worker process 1388
2023/04/15 18:38:46 [notice] 1356#1356: start worker process 1389
2023/04/15 18:38:46 [notice] 1356#1356: start worker process 1390
2023/04/15 18:38:46 [notice] 1356#1356: start worker process 1391
2023/04/15 18:38:46 [notice] 1356#1356: start worker process 1392
2023/04/15 18:38:46 [notice] 1356#1356: start worker process 1393
2023/04/15 18:38:46 [notice] 1356#1356: start worker process 1394
2023/04/15 18:38:46 [notice] 1356#1356: start worker process 1395
2023/04/15 18:38:46 [notice] 1356#1356: start worker process 1396
2023/04/15 18:38:46 [notice] 1356#1356: start worker process 1397
2023/04/15 18:38:46 [notice] 1356#1356: start worker process 1398
2023/04/15 18:38:46 [notice] 1356#1356: start worker process 1399
2023/04/15 18:38:46 [notice] 1356#1356: start worker process 1400
2023/04/15 18:38:46 [notice] 1356#1356: start worker process 1401
2023/04/15 18:38:46 [notice] 1356#1356: start worker process 1402
2023/04/15 18:38:46 [notice] 1356#1356: start worker process 1403
2023/04/15 18:40:54 [notice] 1356#1356: signal 3 (SIGQUIT) received from 1, shutting down
2023/04/15 18:40:54 [notice] 1384#1384: gracefully shutting down
2023/04/15 18:40:54 [notice] 1384#1384: exiting
2023/04/15 18:40:54 [notice] 1385#1385: gracefully shutting down
2023/04/15 18:40:54 [notice] 1385#1385: exiting
2023/04/15 18:40:54 [notice] 1387#1387: gracefully shutting down
2023/04/15 18:40:54 [notice] 1387#1387: exiting
2023/04/15 18:40:54 [notice] 1401#1401: gracefully shutting down
2023/04/15 18:40:54 [notice] 1401#1401: exiting
2023/04/15 18:40:54 [notice] 1396#1396: gracefully shutting down
2023/04/15 18:40:54 [notice] 1396#1396: exiting
2023/04/15 18:40:54 [notice] 1399#1399: gracefully shutting down
2023/04/15 18:40:54 [notice] 1399#1399: exiting
2023/04/15 18:40:54 [notice] 1398#1398: gracefully shutting down
2023/04/15 18:40:54 [notice] 1398#1398: exiting
2023/04/15 18:40:54 [notice] 1402#1402: gracefully shutting down
2023/04/15 18:40:54 [notice] 1386#1386: gracefully shutting down
2023/04/15 18:40:54 [notice] 1402#1402: exiting
2023/04/15 18:40:54 [notice] 1386#1386: exiting
2023/04/15 18:40:54 [notice] 1391#1391: gracefully shutting down
2023/04/15 18:40:54 [notice] 1389#1389: gracefully shutting down
2023/04/15 18:40:54 [notice] 1391#1391: exiting
2023/04/15 18:40:54 [notice] 1389#1389: exiting
2023/04/15 18:40:54 [notice] 1394#1394: gracefully shutting down
2023/04/15 18:40:54 [notice] 1394#1394: exiting
2023/04/15 18:40:54 [notice] 1395#1395: gracefully shutting down
2023/04/15 18:40:54 [notice] 1395#1395: exiting
2023/04/15 18:40:54 [notice] 1393#1393: gracefully shutting down
2023/04/15 18:40:54 [notice] 1393#1393: exiting
2023/04/15 18:40:54 [notice] 1400#1400: gracefully shutting down
2023/04/15 18:40:54 [notice] 1400#1400: exiting
2023/04/15 18:40:54 [notice] 1392#1392: gracefully shutting down
2023/04/15 18:40:54 [notice] 1392#1392: exiting
2023/04/15 18:40:54 [notice] 1390#1390: gracefully shutting down
2023/04/15 18:40:54 [notice] 1390#1390: exiting
2023/04/15 18:40:54 [notice] 1388#1388: gracefully shutting down
2023/04/15 18:40:54 [notice] 1388#1388: exiting
2023/04/15 18:40:54 [notice] 1397#1397: gracefully shutting down
2023/04/15 18:40:54 [notice] 1397#1397: exiting
2023/04/15 18:40:54 [notice] 1403#1403: gracefully shutting down
2023/04/15 18:40:54 [notice] 1403#1403: exiting
2023/04/15 18:40:54 [notice] 1386#1386: exit
2023/04/15 18:40:54 [notice] 1393#1393: exit
2023/04/15 18:40:54 [notice] 1395#1395: exit
2023/04/15 18:40:54 [notice] 1384#1384: exit
2023/04/15 18:40:54 [notice] 1387#1387: exit
2023/04/15 18:40:54 [notice] 1400#1400: exit
2023/04/15 18:40:54 [notice] 1399#1399: exit
2023/04/15 18:40:54 [notice] 1394#1394: exit
2023/04/15 18:40:54 [notice] 1388#1388: exit
2023/04/15 18:40:54 [notice] 1356#1356: signal 17 (SIGCHLD) received from 1395
2023/04/15 18:40:54 [notice] 1356#1356: worker process 1395 exited with code 0
2023/04/15 18:40:54 [notice] 1356#1356: signal 29 (SIGIO) received
2023/04/15 18:40:54 [notice] 1356#1356: signal 17 (SIGCHLD) received from 1387
2023/04/15 18:40:54 [notice] 1356#1356: worker process 1387 exited with code 0
2023/04/15 18:40:54 [notice] 1356#1356: signal 29 (SIGIO) received
2023/04/15 18:40:54 [notice] 1389#1389: exit
2023/04/15 18:40:54 [notice] 1385#1385: exit
2023/04/15 18:40:54 [notice] 1356#1356: signal 17 (SIGCHLD) received from 1399
2023/04/15 18:40:54 [notice] 1356#1356: worker process 1399 exited with code 0
2023/04/15 18:40:54 [notice] 1356#1356: signal 29 (SIGIO) received
2023/04/15 18:40:54 [notice] 1390#1390: exit
2023/04/15 18:40:54 [notice] 1356#1356: signal 17 (SIGCHLD) received from 1384
2023/04/15 18:40:54 [notice] 1356#1356: worker process 1384 exited with code 0
2023/04/15 18:40:54 [notice] 1356#1356: signal 29 (SIGIO) received
2023/04/15 18:40:54 [notice] 1356#1356: signal 17 (SIGCHLD) received from 1385
2023/04/15 18:40:54 [notice] 1356#1356: worker process 1385 exited with code 0
2023/04/15 18:40:54 [notice] 1356#1356: worker process 1388 exited with code 0
2023/04/15 18:40:54 [notice] 1356#1356: signal 29 (SIGIO) received
2023/04/15 18:40:54 [notice] 1391#1391: exit
2023/04/15 18:40:54 [notice] 1392#1392: exit
2023/04/15 18:40:54 [notice] 1396#1396: exit
2023/04/15 18:40:54 [notice] 1356#1356: signal 17 (SIGCHLD) received from 1389
2023/04/15 18:40:54 [notice] 1356#1356: worker process 1386 exited with code 0
2023/04/15 18:40:54 [notice] 1356#1356: worker process 1389 exited with code 0
2023/04/15 18:40:54 [notice] 1356#1356: worker process 1394 exited with code 0
2023/04/15 18:40:54 [notice] 1356#1356: worker process 1396 exited with code 0
2023/04/15 18:40:54 [notice] 1356#1356: signal 29 (SIGIO) received
2023/04/15 18:40:54 [notice] 1356#1356: signal 17 (SIGCHLD) received from 1394
2023/04/15 18:40:54 [notice] 1403#1403: exit
2023/04/15 18:40:54 [notice] 1356#1356: signal 17 (SIGCHLD) received from 1391
2023/04/15 18:40:54 [notice] 1356#1356: worker process 1391 exited with code 0
2023/04/15 18:40:54 [notice] 1356#1356: signal 29 (SIGIO) received
2023/04/15 18:40:54 [notice] 1356#1356: signal 17 (SIGCHLD) received from 1392
2023/04/15 18:40:54 [notice] 1356#1356: worker process 1392 exited with code 0
2023/04/15 18:40:54 [notice] 1356#1356: signal 29 (SIGIO) received
2023/04/15 18:40:54 [notice] 1397#1397: exit
2023/04/15 18:40:54 [notice] 1401#1401: exit
2023/04/15 18:40:54 [notice] 1356#1356: signal 17 (SIGCHLD) received from 1403
2023/04/15 18:40:54 [notice] 1356#1356: worker process 1390 exited with code 0
2023/04/15 18:40:54 [notice] 1356#1356: worker process 1393 exited with code 0
2023/04/15 18:40:54 [notice] 1356#1356: worker process 1403 exited with code 0
2023/04/15 18:40:54 [notice] 1398#1398: exit
2023/04/15 18:40:54 [notice] 1356#1356: signal 29 (SIGIO) received
2023/04/15 18:40:54 [notice] 1402#1402: exit
2023/04/15 18:40:54 [notice] 1356#1356: signal 17 (SIGCHLD) received from 1397
2023/04/15 18:40:54 [notice] 1356#1356: worker process 1397 exited with code 0
2023/04/15 18:40:54 [notice] 1356#1356: signal 29 (SIGIO) received
2023/04/15 18:40:54 [notice] 1356#1356: signal 17 (SIGCHLD) received from 1401
2023/04/15 18:40:54 [notice] 1356#1356: worker process 1401 exited with code 0
2023/04/15 18:40:54 [notice] 1356#1356: worker process 1402 exited with code 0
2023/04/15 18:40:54 [notice] 1356#1356: worker process 1398 exited with code 0
2023/04/15 18:40:54 [notice] 1356#1356: signal 17 (SIGCHLD) received from 1398
2023/04/15 18:40:54 [notice] 1356#1356: worker process 1400 exited with code 0
2023/04/15 18:40:54 [notice] 1356#1356: exit
+ http_conf=/opt/appsmith/templates/nginx-app-http.conf.template.sh
+ https_conf=/opt/appsmith/templates/nginx-app-https.conf.template.sh
+ ssl_conf_path=/appsmith-stacks/data/certificate/conf
+ APP_TEMPLATE=/opt/appsmith/templates/nginx-app-http.conf.template.sh
+ mkdir -pv /appsmith-stacks/data/certificate/conf
+ cat
+ cat
+ [[ -z 'self' * ]]
+ export 'APPSMITH_ALLOWED_FRAME_ANCESTORS='\''self'\'' *'
+ APPSMITH_ALLOWED_FRAME_ANCESTORS=''\''self'\'' *'
+ [[ -z false ]]
+ [[ -n '' ]]
+ bash /opt/appsmith/templates/nginx-app-http.conf.template.sh ''
+ index_html_served=/opt/appsmith/editor/index.html
+ index_html_original=/opt/appsmith/index.html.original
+ [[ ! -f /opt/appsmith/index.html.original ]]
+ node -e '
const fs = require("fs")
const content = fs.readFileSync("/opt/appsmith/index.html.original", "utf8").replace(
  /\b__(APPSMITH_[A-Z0-9_]+)__\b/g,
  (placeholder, name) => (process.env[name] || "")
)
fs.writeFileSync("/opt/appsmith/editor/index.html", content)
'
+ exec nginx -g 'daemon off;error_log stderr info;'
2023/04/15 18:41:55 [notice] 1358#1358: using the "epoll" event method
2023/04/15 18:41:55 [notice] 1358#1358: nginx/1.18.0 (Ubuntu)
2023/04/15 18:41:55 [notice] 1358#1358: OS: Linux 5.15.90.1-microsoft-standard-WSL2
2023/04/15 18:41:55 [notice] 1358#1358: getrlimit(RLIMIT_NOFILE): 1048576:1048576
2023/04/15 18:41:55 [notice] 1358#1358: start worker processes
2023/04/15 18:41:55 [notice] 1358#1358: start worker process 1388
2023/04/15 18:41:55 [notice] 1358#1358: start worker process 1389
2023/04/15 18:41:55 [notice] 1358#1358: start worker process 1390
2023/04/15 18:41:55 [notice] 1358#1358: start worker process 1391
2023/04/15 18:41:55 [notice] 1358#1358: start worker process 1392
2023/04/15 18:41:55 [notice] 1358#1358: start worker process 1393
2023/04/15 18:41:55 [notice] 1358#1358: start worker process 1394
2023/04/15 18:41:55 [notice] 1358#1358: start worker process 1395
2023/04/15 18:41:55 [notice] 1358#1358: start worker process 1396
2023/04/15 18:41:55 [notice] 1358#1358: start worker process 1397
2023/04/15 18:41:55 [notice] 1358#1358: start worker process 1398
2023/04/15 18:41:55 [notice] 1358#1358: start worker process 1399
2023/04/15 18:41:55 [notice] 1358#1358: start worker process 1400
2023/04/15 18:41:55 [notice] 1358#1358: start worker process 1401
2023/04/15 18:41:55 [notice] 1358#1358: start worker process 1402
2023/04/15 18:41:55 [notice] 1358#1358: start worker process 1403
2023/04/15 18:41:55 [notice] 1358#1358: start worker process 1404
2023/04/15 18:41:55 [notice] 1358#1358: start worker process 1405
2023/04/15 18:41:55 [notice] 1358#1358: start worker process 1406
2023/04/15 18:41:55 [notice] 1358#1358: start worker process 1407
2023/04/15 18:45:59 [notice] 1358#1358: signal 3 (SIGQUIT) received from 1, shutting down
2023/04/15 18:45:59 [notice] 1388#1388: gracefully shutting down
2023/04/15 18:45:59 [notice] 1391#1391: gracefully shutting down
2023/04/15 18:45:59 [notice] 1391#1391: exiting
2023/04/15 18:45:59 [notice] 1398#1398: gracefully shutting down
2023/04/15 18:45:59 [notice] 1397#1397: gracefully shutting down
2023/04/15 18:45:59 [notice] 1398#1398: exiting
2023/04/15 18:45:59 [notice] 1397#1397: exiting
2023/04/15 18:45:59 [notice] 1401#1401: gracefully shutting down
2023/04/15 18:45:59 [notice] 1404#1404: gracefully shutting down
2023/04/15 18:45:59 [notice] 1406#1406: gracefully shutting down
2023/04/15 18:45:59 [notice] 1407#1407: gracefully shutting down
2023/04/15 18:45:59 [notice] 1403#1403: gracefully shutting down
2023/04/15 18:45:59 [notice] 1406#1406: exiting
2023/04/15 18:45:59 [notice] 1404#1404: exiting
2023/04/15 18:45:59 [notice] 1407#1407: exiting
2023/04/15 18:45:59 [notice] 1401#1401: exiting
2023/04/15 18:45:59 [notice] 1403#1403: exiting
2023/04/15 18:45:59 [notice] 1393#1393: gracefully shutting down
2023/04/15 18:45:59 [notice] 1389#1389: gracefully shutting down
2023/04/15 18:45:59 [notice] 1393#1393: exiting
2023/04/15 18:45:59 [notice] 1392#1392: gracefully shutting down
2023/04/15 18:45:59 [notice] 1390#1390: gracefully shutting down
2023/04/15 18:45:59 [notice] 1399#1399: gracefully shutting down
2023/04/15 18:45:59 [notice] 1400#1400: gracefully shutting down
2023/04/15 18:45:59 [notice] 1389#1389: exiting
2023/04/15 18:45:59 [notice] 1392#1392: exiting
2023/04/15 18:45:59 [notice] 1399#1399: exiting
2023/04/15 18:45:59 [notice] 1400#1400: exiting
2023/04/15 18:45:59 [notice] 1390#1390: exiting
2023/04/15 18:45:59 [notice] 1407#1407: exit
2023/04/15 18:45:59 [notice] 1388#1388: exiting
2023/04/15 18:45:59 [notice] 1394#1394: gracefully shutting down
2023/04/15 18:45:59 [notice] 1395#1395: gracefully shutting down
2023/04/15 18:45:59 [notice] 1395#1395: exiting
2023/04/15 18:45:59 [notice] 1394#1394: exiting
2023/04/15 18:45:59 [notice] 1402#1402: gracefully shutting down
2023/04/15 18:45:59 [notice] 1396#1396: gracefully shutting down
2023/04/15 18:45:59 [notice] 1396#1396: exiting
2023/04/15 18:45:59 [notice] 1358#1358: signal 17 (SIGCHLD) received from 1407
2023/04/15 18:45:59 [notice] 1358#1358: worker process 1407 exited with code 0
2023/04/15 18:45:59 [notice] 1358#1358: signal 29 (SIGIO) received
2023/04/15 18:45:59 [notice] 1405#1405: gracefully shutting down
2023/04/15 18:45:59 [notice] 1405#1405: exiting
2023/04/15 18:45:59 [notice] 1402#1402: exiting
2023/04/15 18:45:59 [notice] 1405#1405: exit
2023/04/15 18:45:59 [notice] 1398#1398: exit
2023/04/15 18:45:59 [notice] 1358#1358: signal 17 (SIGCHLD) received from 1405
2023/04/15 18:45:59 [notice] 1358#1358: worker process 1405 exited with code 0
2023/04/15 18:45:59 [notice] 1358#1358: signal 29 (SIGIO) received
2023/04/15 18:45:59 [notice] 1358#1358: signal 17 (SIGCHLD) received from 1398
2023/04/15 18:45:59 [notice] 1358#1358: worker process 1398 exited with code 0
2023/04/15 18:45:59 [notice] 1358#1358: signal 29 (SIGIO) received
2023/04/15 18:45:59 [notice] 1396#1396: exit
2023/04/15 18:45:59 [notice] 1358#1358: signal 17 (SIGCHLD) received from 1396
2023/04/15 18:45:59 [notice] 1358#1358: worker process 1396 exited with code 0
2023/04/15 18:45:59 [notice] 1358#1358: signal 29 (SIGIO) received
2023/04/15 18:45:59 [notice] 1392#1392: exit
2023/04/15 18:45:59 [notice] 1401#1401: exit
2023/04/15 18:45:59 [notice] 1397#1397: exit
2023/04/15 18:45:59 [notice] 1389#1389: exit
2023/04/15 18:45:59 [notice] 1358#1358: signal 17 (SIGCHLD) received from 1392
2023/04/15 18:45:59 [notice] 1358#1358: worker process 1392 exited with code 0
2023/04/15 18:45:59 [notice] 1358#1358: signal 29 (SIGIO) received
2023/04/15 18:45:59 [notice] 1358#1358: signal 17 (SIGCHLD) received from 1401
2023/04/15 18:45:59 [notice] 1358#1358: worker process 1397 exited with code 0
2023/04/15 18:45:59 [notice] 1358#1358: worker process 1401 exited with code 0
2023/04/15 18:45:59 [notice] 1358#1358: signal 29 (SIGIO) received
2023/04/15 18:45:59 [notice] 1358#1358: signal 17 (SIGCHLD) received from 1389
2023/04/15 18:45:59 [notice] 1358#1358: worker process 1389 exited with code 0
2023/04/15 18:45:59 [notice] 1358#1358: signal 29 (SIGIO) received
2023/04/15 18:45:59 [notice] 1390#1390: exit
2023/04/15 18:45:59 [notice] 1358#1358: signal 17 (SIGCHLD) received from 1390
2023/04/15 18:45:59 [notice] 1358#1358: worker process 1390 exited with code 0
2023/04/15 18:45:59 [notice] 1403#1403: exit
2023/04/15 18:45:59 [notice] 1358#1358: signal 29 (SIGIO) received
2023/04/15 18:45:59 [notice] 1394#1394: exit
2023/04/15 18:45:59 [notice] 1393#1393: exit
2023/04/15 18:45:59 [notice] 1388#1388: exit
2023/04/15 18:45:59 [notice] 1358#1358: signal 17 (SIGCHLD) received from 1403
2023/04/15 18:45:59 [notice] 1358#1358: worker process 1403 exited with code 0
2023/04/15 18:45:59 [notice] 1358#1358: signal 29 (SIGIO) received
2023/04/15 18:45:59 [notice] 1358#1358: signal 17 (SIGCHLD) received from 1393
2023/04/15 18:45:59 [notice] 1358#1358: worker process 1393 exited with code 0
2023/04/15 18:45:59 [notice] 1358#1358: signal 29 (SIGIO) received
2023/04/15 18:45:59 [notice] 1358#1358: signal 17 (SIGCHLD) received from 1388
2023/04/15 18:45:59 [notice] 1358#1358: worker process 1388 exited with code 0
2023/04/15 18:45:59 [notice] 1358#1358: signal 29 (SIGIO) received
2023/04/15 18:45:59 [notice] 1358#1358: signal 17 (SIGCHLD) received from 1394
2023/04/15 18:45:59 [notice] 1358#1358: worker process 1394 exited with code 0
2023/04/15 18:45:59 [notice] 1358#1358: signal 29 (SIGIO) received
2023/04/15 18:45:59 [notice] 1391#1391: exit
2023/04/15 18:45:59 [notice] 1404#1404: exit
2023/04/15 18:45:59 [notice] 1402#1402: exit
2023/04/15 18:45:59 [notice] 1358#1358: signal 17 (SIGCHLD) received from 1404
2023/04/15 18:45:59 [notice] 1358#1358: worker process 1404 exited with code 0
2023/04/15 18:45:59 [notice] 1358#1358: signal 29 (SIGIO) received
2023/04/15 18:45:59 [notice] 1400#1400: exit
2023/04/15 18:45:59 [notice] 1358#1358: signal 17 (SIGCHLD) received from 1402
2023/04/15 18:45:59 [notice] 1358#1358: worker process 1402 exited with code 0
2023/04/15 18:45:59 [notice] 1358#1358: signal 29 (SIGIO) received
2023/04/15 18:45:59 [notice] 1395#1395: exit
2023/04/15 18:45:59 [notice] 1358#1358: signal 17 (SIGCHLD) received from 1400
2023/04/15 18:45:59 [notice] 1358#1358: worker process 1400 exited with code 0
2023/04/15 18:45:59 [notice] 1358#1358: signal 29 (SIGIO) received
2023/04/15 18:45:59 [notice] 1406#1406: exit
2023/04/15 18:45:59 [notice] 1358#1358: signal 17 (SIGCHLD) received from 1391
2023/04/15 18:45:59 [notice] 1358#1358: worker process 1391 exited with code 0
2023/04/15 18:45:59 [notice] 1358#1358: worker process 1395 exited with code 0
2023/04/15 18:45:59 [notice] 1358#1358: signal 29 (SIGIO) received
2023/04/15 18:45:59 [notice] 1358#1358: signal 17 (SIGCHLD) received from 1395
2023/04/15 18:45:59 [notice] 1399#1399: exit
2023/04/15 18:45:59 [notice] 1358#1358: signal 17 (SIGCHLD) received from 1406
2023/04/15 18:45:59 [notice] 1358#1358: worker process 1406 exited with code 0
2023/04/15 18:45:59 [notice] 1358#1358: signal 29 (SIGIO) received
2023/04/15 18:45:59 [notice] 1358#1358: signal 17 (SIGCHLD) received from 1399
2023/04/15 18:45:59 [notice] 1358#1358: worker process 1399 exited with code 0
2023/04/15 18:45:59 [notice] 1358#1358: exit
